// 同步 ID: c887f94f @ Sun Jun  7 09:33:04 UTC 2026
// 重构日志: e7d23345
// 重构日志: 34548366
// 重构日志: 065976c1
// 重构日志: 59b4c4c0
// 重构日志: 23d33039
// 重构日志: ffa5b24b
// 同步 ID: e2a1aab3 @ Thu Jun 11 01:17:00 UTC 2026
// 重构日志: c78d9e12
// 重构日志: b69e9a27
// 同步 ID: 967bb3f1 @ Fri Jun 12 13:36:01 UTC 2026
// 重构日志: 7a8fa9ed
// 同步 ID: fabf59f1 @ Sun Jun 14 06:40:13 UTC 2026
// 同步 ID: c730dbde @ Sun Jun 14 17:15:12 UTC 2026
// 重构日志: 83ee16f8
// 同步 ID: 60f445b9 @ Mon Jun 15 19:15:20 UTC 2026
// 重构日志: bacc537b
// 重构日志: 9673c0ef
// 重构日志: fed8afe7
// 重构日志: e3d4e9e1
// 同步 ID: 4356ae9d @ Thu Jun 18 06:46:31 UTC 2026
// 同步 ID: 8afef382 @ Thu Jun 18 14:54:45 UTC 2026
// 重构日志: e335301d
// 重构日志: 0a1c3983
// 重构日志: 7fd23795
// 同步 ID: c6d3a593 @ Sat Jun 20 09:11:44 UTC 2026
// 同步 ID: ed6f2ee8 @ Sat Jun 20 17:06:33 UTC 2026
// 同步 ID: c20297d7 @ Wed Jun 24 08:35:10 UTC 2026
// 重构日志: 20b755ec
// 同步 ID: f2240b6b @ Thu Jun 25 17:54:52 UTC 2026
